<?xml version="1.0" encoding="UTF-8"?>
<!-- Generated by org.testng.reporters.JUnitReportReporter -->
<testsuite skipped="0" hostname="ATMECSINLT-404" name="com.atmecs.dataproviderdemo.ReadExcelDataTest" tests="1" failures="0" timestamp="2020-09-28T15:37:29 IST" time="0.812" errors="0">
  <testcase name="ExcelData" time="0.812" classname="com.atmecs.dataproviderdemo.ReadExcelDataTest"/>
  <system-out/>
</testsuite> <!-- com.atmecs.dataproviderdemo.ReadExcelDataTest -->
