<?xml version="1.0" encoding="UTF-8"?>
<!-- Generated by org.testng.reporters.JUnitReportReporter -->
<testsuite skipped="0" hostname="ATMECSINLT-404" name="com.atmecs.blazedemo_automation.DemoBlazeAddtocart" tests="1" failures="0" timestamp="2020-09-24T20:55:20 IST" time="13.221" errors="0">
  <testcase name="addToCart" time="13.221" classname="com.atmecs.blazedemo_automation.DemoBlazeAddtocart"/>
  <system-out/>
</testsuite> <!-- com.atmecs.blazedemo_automation.DemoBlazeAddtocart -->
