<?xml version="1.0" encoding="UTF-8"?>
<!-- Generated by org.testng.reporters.JUnitReportReporter -->
<testsuite skipped="0" hostname="ATMECSINLT-404" name="com.atmecs.blazedemo_automation.DemoBlazelogin" tests="1" failures="0" timestamp="2020-09-24T18:03:01 IST" time="10.344" errors="0">
  <testcase name="login" time="10.344" classname="com.atmecs.blazedemo_automation.DemoBlazelogin"/>
  <system-out/>
</testsuite> <!-- com.atmecs.blazedemo_automation.DemoBlazelogin -->
